<?xml version="1.0" encoding="UTF-8"?>
<testng-results ignored="0" total="2" passed="2" failed="0" skipped="0">
  <reporter-output>
  </reporter-output>
  <suite started-at="2019-10-09T02:30:01Z" name="nopCommerce" finished-at="2019-10-09T02:30:47Z" duration-ms="46041">
    <groups>
    </groups>
    <test started-at="2019-10-09T02:30:01Z" name="chrometest" finished-at="2019-10-09T02:30:47Z" duration-ms="46041">
      <class name="com.nopcommerce.testCases.TC_LoginTest_001">
        <test-method is-config="true" signature="setup(java.lang.String)[pri:0, instance:com.nopcommerce.testCases.TC_LoginTest_001@6aba2b86]" started-at="2019-10-09T02:30:02Z" name="setup" finished-at="2019-10-09T02:30:07Z" duration-ms="5073" status="PASS">
          <params>
            <param index="0">
              <value>
                <![CDATA[chrome]]>
              </value>
            </param>
          </params>
          <reporter-output>
          </reporter-output>
        </test-method> <!-- setup -->
        <test-method signature="loginTest()[pri:0, instance:com.nopcommerce.testCases.TC_LoginTest_001@6aba2b86]" started-at="2019-10-09T02:30:07Z" name="loginTest" finished-at="2019-10-09T02:30:18Z" duration-ms="11372" status="PASS">
          <reporter-output>
          </reporter-output>
        </test-method> <!-- loginTest -->
        <test-method is-config="true" signature="tearDown()[pri:0, instance:com.nopcommerce.testCases.TC_LoginTest_001@6aba2b86]" started-at="2019-10-09T02:30:18Z" name="tearDown" finished-at="2019-10-09T02:30:19Z" duration-ms="390" status="PASS">
          <reporter-output>
          </reporter-output>
        </test-method> <!-- tearDown -->
      </class> <!-- com.nopcommerce.testCases.TC_LoginTest_001 -->
      <class name="com.nopcommerce.testCases.TC_AddCustomerTest_003">
        <test-method is-config="true" signature="setup(java.lang.String)[pri:0, instance:com.nopcommerce.testCases.TC_AddCustomerTest_003@158da8e]" started-at="2019-10-09T02:30:19Z" name="setup" finished-at="2019-10-09T02:30:22Z" duration-ms="3834" status="PASS">
          <params>
            <param index="0">
              <value>
                <![CDATA[chrome]]>
              </value>
            </param>
          </params>
          <reporter-output>
          </reporter-output>
        </test-method> <!-- setup -->
        <test-method signature="addNewCustomer()[pri:0, instance:com.nopcommerce.testCases.TC_AddCustomerTest_003@158da8e]" started-at="2019-10-09T02:30:22Z" name="addNewCustomer" finished-at="2019-10-09T02:30:47Z" duration-ms="24611" status="PASS">
          <reporter-output>
          </reporter-output>
        </test-method> <!-- addNewCustomer -->
        <test-method is-config="true" signature="tearDown()[pri:0, instance:com.nopcommerce.testCases.TC_AddCustomerTest_003@158da8e]" started-at="2019-10-09T02:30:47Z" name="tearDown" finished-at="2019-10-09T02:30:47Z" duration-ms="366" status="PASS">
          <reporter-output>
          </reporter-output>
        </test-method> <!-- tearDown -->
      </class> <!-- com.nopcommerce.testCases.TC_AddCustomerTest_003 -->
    </test> <!-- chrometest -->
  </suite> <!-- nopCommerce -->
</testng-results>
